<?xml version="1.0" encoding="UTF-8"?>
<testsuite xmlns:xsi="http://www.w3.org/2001/XMLSchema-instance" xsi:noNamespaceSchemaLocation="https://maven.apache.org/surefire/maven-surefire-plugin/xsd/surefire-test-report.xsd" version="3.0.2" name="br.com.medflow.dominio.financeiro.faturamentos.TesteCenariosBDD" time="0.04" tests="11" errors="0" skipped="0" failures="0">
  <properties>
[...]
</properties>
  <testcase name="rn3_forcar_status_inicial_pendente" classname="br.com.medflow.dominio.financeiro.faturamentos.TesteCenariosBDD" time="0.024"/>
  <testcase name="rn1_usuario_sem_permissao_tenta_excluir_faturamento" classname="br.com.medflow.dominio.financeiro.faturamentos.TesteCenariosBDD" time="0.001"/>
  <testcase name="rn2_administrador_exclui_faturamento_marcado_como_invalido" classname="br.com.medflow.dominio.financeiro.faturamentos.TesteCenariosBDD" time="0.001"/>
  <testcase name="rn3_ignorar_status_enviado_pelo_cliente_e_manter_pendente" classname="br.com.medflow.dominio.financeiro.faturamentos.TesteCenariosBDD" time="0.0"/>
  <testcase name="rn2_bloquear_registro_quando_valor_divergir_da_tabela_sem_justificativa" classname="br.com.medflow.dominio.financeiro.faturamentos.TesteCenariosBDD" time="0.001"/>
  <testcase name="rn1_impedir_registro_quando_faltar_metodo_de_pagamento" classname="br.com.medflow.dominio.financeiro.faturamentos.TesteCenariosBDD" time="0.0"/>
  <testcase name="rn2_bloqueio_de_exclusao_para_faturamento_com_status_nao_permitido" classname="br.com.medflow.dominio.financeiro.faturamentos.TesteCenariosBDD" time="0.002">
    <system-out><![CDATA[Notificação interna: Contabilização automática para faturamento FAT-0001
]]></system-out>
  </testcase>
  <testcase name="rn1_registrar_faturamento_com_todos_os_campos_obrigatorios" classname="br.com.medflow.dominio.financeiro.faturamentos.TesteCenariosBDD" time="0.0"/>
  <testcase name="rn2_bloquear_registro_com_valor_nao_positivo" classname="br.com.medflow.dominio.financeiro.faturamentos.TesteCenariosBDD" time="0.001"/>
  <testcase name="rn1_administrador_exclui_faturamento_pendente" classname="br.com.medflow.dominio.financeiro.faturamentos.TesteCenariosBDD" time="0.001"/>
  <testcase name="rn2_registrar_faturamento_com_valor_compativel" classname="br.com.medflow.dominio.financeiro.faturamentos.TesteCenariosBDD" time="0.0"/>
</testsuite>